c:\irvine
c:\users\alejandrogarcia\desktop\clasepm_2023_1\pm_2023_progsclase\pm_u3_eq_0\debug\pm_u3_eq_0.exe
c:\users\alejandrogarcia\desktop\clasepm_2023_1\pm_2023_progsclase\pm_u3_eq_0\pm_u3_eq_0\debug\pm_u3_eq_0.ilk
c:\users\alejandrogarcia\desktop\clasepm_2023_1\pm_2023_progsclase\pm_u3_eq_0\debug\pm_u3_eq_0.pdb
c:\users\alejandrogarcia\desktop\clasepm_2023_1\pm_2023_progsclase\pm_u3_eq_0\pm_u3_eq_0\debug\p_11_intromacros.obj
c:\users\alejandrogarcia\desktop\clasepm_2023_1\pm_2023_progsclase\pm_u3_eq_0\pm_u3_eq_0\debug\p_12_sumanumerosmacro_.obj
c:\users\alejandrogarcia\desktop\clasepm_2023_1\pm_2023_progsclase\pm_u3_eq_0\pm_u3_eq_0\debug\p_1_delay_.obj
c:\users\alejandrogarcia\desktop\clasepm_2023_1\pm_2023_progsclase\pm_u3_eq_0\pm_u3_eq_0\debug\p_2_clrscr_.obj
c:\users\alejandrogarcia\desktop\clasepm_2023_1\pm_2023_progsclase\pm_u3_eq_0\pm_u3_eq_0\debug\p_3_waitmsg_.obj
c:\users\alejandrogarcia\desktop\clasepm_2023_1\pm_2023_progsclase\pm_u3_eq_0\pm_u3_eq_0\debug\p_4_randomnumber_.obj
c:\users\alejandrogarcia\desktop\clasepm_2023_1\pm_2023_progsclase\pm_u3_eq_0\pm_u3_eq_0\debug\p_5_ejemploaleatorios_.obj
c:\users\alejandrogarcia\desktop\clasepm_2023_1\pm_2023_progsclase\pm_u3_eq_0\pm_u3_eq_0\debug\p_6_mensajeemergente_.obj
c:\users\alejandrogarcia\desktop\clasepm_2023_1\pm_2023_progsclase\pm_u3_eq_0\pm_u3_eq_0\debug\p_7_askemergente_.obj
c:\users\alejandrogarcia\desktop\clasepm_2023_1\pm_2023_progsclase\pm_u3_eq_0\pm_u3_eq_0\debug\p_8_examen_sumas_.obj
c:\users\alejandrogarcia\desktop\clasepm_2023_1\pm_2023_progsclase\pm_u3_eq_0\pm_u3_eq_0\debug\p0_primera.obj
c:\users\alejandrogarcia\desktop\clasepm_2023_1\pm_2023_progsclase\pm_u3_eq_0\pm_u3_eq_0\debug\pm_u3_eq_0.tlog\link.command.1.tlog
c:\users\alejandrogarcia\desktop\clasepm_2023_1\pm_2023_progsclase\pm_u3_eq_0\pm_u3_eq_0\debug\pm_u3_eq_0.tlog\link.read.1.tlog
c:\users\alejandrogarcia\desktop\clasepm_2023_1\pm_2023_progsclase\pm_u3_eq_0\pm_u3_eq_0\debug\pm_u3_eq_0.tlog\link.write.1.tlog
c:\users\alejandrogarcia\desktop\clasepm_2023_1\pm_2023_progsclase\pm_u3_eq_0\pm_u3_eq_0\debug\pm_u3_eq_0.tlog\link.write.2u.tlog
c:\users\alejandrogarcia\desktop\clasepm_2023_1\pm_2023_progsclase\pm_u3_eq_0\pm_u3_eq_0\debug\pm_u3_eq_0.tlog\masm.read.1u.tlog
c:\users\alejandrogarcia\desktop\clasepm_2023_1\pm_2023_progsclase\pm_u3_eq_0\pm_u3_eq_0\debug\pm_u3_eq_0.tlog\masm.write.1u.tlog
