  Assembling P0_Primera.asm...
  Assembling P_11_IntroMacros.asm...
  Assembling P_12_SumaNumerosMacro_.asm...
  Assembling P_13_XalaY_V1_.asm...
  Assembling P_14_XalaY_V2_.asm...
  Assembling P_15_XalaY_V3_.asm...
  Assembling p_16_SumasSecuenciales_.asm...
  Assembling P_17_EsPar_.asm...
  Assembling P_1_delay_.asm...
  Assembling P_2_clrscr_.asm...
  Assembling P_3_waitmsg_.asm...
  Assembling P_4_RandomNumber_.asm...
  Assembling P_5_EjemploAleatorios_.asm...
  Assembling P_6_MensajeEmergente_.asm...
  Assembling P_7_AskEmergente_.asm...
  Assembling P_8_Examen_Sumas_.asm...
P0_Primera.obj : warning LNK4258: directive '/ENTRY:main@0' not compatible with switch '/ENTRY:main17'; ignored
P_11_IntroMacros.obj : warning LNK4258: directive '/ENTRY:main11@0' not compatible with switch '/ENTRY:main17'; ignored
P_12_SumaNumerosMacro_.obj : warning LNK4258: directive '/ENTRY:main12@0' not compatible with switch '/ENTRY:main17'; ignored
P_13_XalaY_V1_.obj : warning LNK4258: directive '/ENTRY:main13@0' not compatible with switch '/ENTRY:main17'; ignored
P_14_XalaY_V2_.obj : warning LNK4258: directive '/ENTRY:main14@0' not compatible with switch '/ENTRY:main17'; ignored
P_15_XalaY_V3_.obj : warning LNK4258: directive '/ENTRY:main15@0' not compatible with switch '/ENTRY:main17'; ignored
p_16_SumasSecuenciales_.obj : warning LNK4258: directive '/ENTRY:main16@0' not compatible with switch '/ENTRY:main17'; ignored
P_17_EsPar_.obj : warning LNK4258: directive '/ENTRY:main17@0' not compatible with switch '/ENTRY:main17'; ignored
P_1_delay_.obj : warning LNK4258: directive '/ENTRY:main1@0' not compatible with switch '/ENTRY:main17'; ignored
P_2_clrscr_.obj : warning LNK4258: directive '/ENTRY:main2@0' not compatible with switch '/ENTRY:main17'; ignored
P_3_waitmsg_.obj : warning LNK4258: directive '/ENTRY:main3@0' not compatible with switch '/ENTRY:main17'; ignored
P_4_RandomNumber_.obj : warning LNK4258: directive '/ENTRY:main4@0' not compatible with switch '/ENTRY:main17'; ignored
P_5_EjemploAleatorios_.obj : warning LNK4258: directive '/ENTRY:main5@0' not compatible with switch '/ENTRY:main17'; ignored
P_6_MensajeEmergente_.obj : warning LNK4258: directive '/ENTRY:main6@0' not compatible with switch '/ENTRY:main17'; ignored
P_7_AskEmergente_.obj : warning LNK4258: directive '/ENTRY:main7@0' not compatible with switch '/ENTRY:main17'; ignored
P_8_Examen_Sumas_.obj : warning LNK4258: directive '/ENTRY:main8@0' not compatible with switch '/ENTRY:main17'; ignored
  PM_U3_EQ_0.vcxproj -> C:\Users\AlejandroGarcia\Desktop\ClasePM_2023_1\PM_2023_ProgsClase\PM_U3_EQ_0\Debug\PM_U3_EQ_0.exe
