c:\irvine
c:\users\alejandrogarcia\desktop\pm_u2_eq_0\pm_u2_eq_0\debug\p_2_introoparit.obj
c:\users\alejandrogarcia\desktop\pm_u2_eq_0\pm_u2_eq_0\debug\p_3_escrituraenpantalla_.obj
c:\users\alejandrogarcia\desktop\pm_u2_eq_0\debug\pm_u2_eq_0.pdb
c:\users\alejandrogarcia\desktop\pm_u2_eq_0\pm_u2_eq_0\debug\pm_u2_eq_0.tlog\link-cvtres.read.1.tlog
c:\users\alejandrogarcia\desktop\pm_u2_eq_0\pm_u2_eq_0\debug\pm_u2_eq_0.tlog\link-cvtres.write.1.tlog
c:\users\alejandrogarcia\desktop\pm_u2_eq_0\pm_u2_eq_0\debug\pm_u2_eq_0.tlog\link-rc.read.1.tlog
c:\users\alejandrogarcia\desktop\pm_u2_eq_0\pm_u2_eq_0\debug\pm_u2_eq_0.tlog\link-rc.write.1.tlog
c:\users\alejandrogarcia\desktop\pm_u2_eq_0\pm_u2_eq_0\debug\pm_u2_eq_0.tlog\link.6064-cvtres.read.1.tlog
c:\users\alejandrogarcia\desktop\pm_u2_eq_0\pm_u2_eq_0\debug\pm_u2_eq_0.tlog\link.6064-cvtres.write.1.tlog
c:\users\alejandrogarcia\desktop\pm_u2_eq_0\pm_u2_eq_0\debug\pm_u2_eq_0.tlog\link.6064-rc.read.1.tlog
c:\users\alejandrogarcia\desktop\pm_u2_eq_0\pm_u2_eq_0\debug\pm_u2_eq_0.tlog\link.6064-rc.write.1.tlog
c:\users\alejandrogarcia\desktop\pm_u2_eq_0\pm_u2_eq_0\debug\pm_u2_eq_0.tlog\link.6064.read.1.tlog
c:\users\alejandrogarcia\desktop\pm_u2_eq_0\pm_u2_eq_0\debug\pm_u2_eq_0.tlog\link.6064.write.1.tlog
c:\users\alejandrogarcia\desktop\pm_u2_eq_0\pm_u2_eq_0\debug\pm_u2_eq_0.tlog\link.command.1.tlog
c:\users\alejandrogarcia\desktop\pm_u2_eq_0\pm_u2_eq_0\debug\pm_u2_eq_0.tlog\link.read.1.tlog
c:\users\alejandrogarcia\desktop\pm_u2_eq_0\pm_u2_eq_0\debug\pm_u2_eq_0.tlog\link.write.1.tlog
c:\users\alejandrogarcia\desktop\pm_u2_eq_0\pm_u2_eq_0\debug\pm_u2_eq_0.tlog\link.write.2u.tlog
c:\users\alejandrogarcia\desktop\pm_u2_eq_0\pm_u2_eq_0\debug\pm_u2_eq_0.tlog\masm.read.1u.tlog
c:\users\alejandrogarcia\desktop\pm_u2_eq_0\pm_u2_eq_0\debug\pm_u2_eq_0.tlog\masm.write.1u.tlog
